2024-08-14 10:31:40 INFO  (LoggingInitialization) Using log config file: jar:file:/home/m1nus/ghidra_11.1.2_PUBLIC/Ghidra/Framework/Generic/lib/Generic.jar!/generic.log4j.xml  
2024-08-14 10:31:40 INFO  (LoggingInitialization) Using log file: /home/m1nus/.config/ghidra/ghidra_11.1.2_PUBLIC/application.log  
2024-08-14 10:31:40 INFO  (Preferences) Loading user preferences: /home/m1nus/.config/ghidra/ghidra_11.1.2_PUBLIC/preferences  
2024-08-14 10:31:44 INFO  (ClassSearcher) Searching for classes...  
2024-08-14 10:31:45 INFO  (ClassSearcher) Ignoring class 'generic.jar.GClassLoader' from '/home/m1nus/ghidra_11.1.2_PUBLIC/Ghidra/Framework/Utility/lib/Utility.jar'. Already found at '/home/m1nus/ghidra_11.1.2_PUBLIC/Ghidra/Framework/Utility/lib/Utility.jar'.  
2024-08-14 10:31:45 INFO  (ClassSearcher) Ignoring class 'ghidra.GhidraClassLoader' from '/home/m1nus/ghidra_11.1.2_PUBLIC/Ghidra/Framework/Utility/lib/Utility.jar'. Already found at '/home/m1nus/ghidra_11.1.2_PUBLIC/Ghidra/Framework/Utility/lib/Utility.jar'.  
2024-08-14 10:31:45 INFO  (ClassSearcher) Class search complete (1006 ms)  
2024-08-14 10:31:45 INFO  (SSLContextInitializer) Initializing SSL Context  
2024-08-14 10:31:45 INFO  (SecureRandomFactory) Initializing Random Number Generator...  
2024-08-14 10:31:45 INFO  (SecureRandomFactory) Random Number Generator initialization complete: NativePRNGNonBlocking  
2024-08-14 10:31:45 INFO  (ApplicationTrustManagerFactory) Trust manager disabled, cacerts have not been set  
2024-08-14 10:31:45 INFO  (GhidraRun) User m1nus started Ghidra.  
2024-08-14 10:31:45 INFO  (GhidraRun) User settings directory: /home/m1nus/.config/ghidra/ghidra_11.1.2_PUBLIC  
2024-08-14 10:31:45 INFO  (GhidraRun) User temp directory: /tmp/m1nus-ghidra  
2024-08-14 10:31:45 INFO  (GhidraRun) User cache directory: /var/tmp/m1nus-ghidra  
2024-08-14 10:31:45 DEBUG (DefaultProjectManager) No tools found; Installing default tools  
2024-08-14 10:31:45 DEBUG (DefaultProjectManager) 	no recent project directories found  
2024-08-14 10:31:47 DEBUG (RecoverySnapshotMgrPlugin) Recovery snapshot timer set to 5 minute(s)  
2024-08-14 10:31:47 INFO  (GhidraRun) Ghidra startup complete (8877 ms)  
2024-08-14 10:32:21 INFO  (LoggingInitialization) Using log config file: jar:file:/home/m1nus/ghidra_11.1.2_PUBLIC/Ghidra/Framework/Generic/lib/Generic.jar!/generic.log4j.xml  
2024-08-14 10:32:21 INFO  (LoggingInitialization) Using log file: /home/m1nus/.config/ghidra/ghidra_11.1.2_PUBLIC/application.log  
2024-08-14 10:32:22 INFO  (Preferences) Loading user preferences: /home/m1nus/.config/ghidra/ghidra_11.1.2_PUBLIC/preferences  
2024-08-14 10:32:22 INFO  (ClassSearcher) Searching for classes...  
2024-08-14 10:32:23 INFO  (ClassSearcher) Ignoring class 'generic.jar.GClassLoader' from '/home/m1nus/ghidra_11.1.2_PUBLIC/Ghidra/Framework/Utility/lib/Utility.jar'. Already found at '/home/m1nus/ghidra_11.1.2_PUBLIC/Ghidra/Framework/Utility/lib/Utility.jar'.  
2024-08-14 10:32:23 INFO  (ClassSearcher) Ignoring class 'ghidra.GhidraClassLoader' from '/home/m1nus/ghidra_11.1.2_PUBLIC/Ghidra/Framework/Utility/lib/Utility.jar'. Already found at '/home/m1nus/ghidra_11.1.2_PUBLIC/Ghidra/Framework/Utility/lib/Utility.jar'.  
2024-08-14 10:32:23 INFO  (ClassSearcher) Class search complete (967 ms)  
2024-08-14 10:32:23 INFO  (SSLContextInitializer) Initializing SSL Context  
2024-08-14 10:32:23 INFO  (SecureRandomFactory) Initializing Random Number Generator...  
2024-08-14 10:32:23 INFO  (SecureRandomFactory) Random Number Generator initialization complete: NativePRNGNonBlocking  
2024-08-14 10:32:23 INFO  (ApplicationTrustManagerFactory) Trust manager disabled, cacerts have not been set  
2024-08-14 10:32:23 INFO  (GhidraRun) User m1nus started Ghidra.  
2024-08-14 10:32:23 INFO  (GhidraRun) User settings directory: /home/m1nus/.config/ghidra/ghidra_11.1.2_PUBLIC  
2024-08-14 10:32:23 INFO  (GhidraRun) User temp directory: /tmp/m1nus-ghidra  
2024-08-14 10:32:23 INFO  (GhidraRun) User cache directory: /var/tmp/m1nus-ghidra  
2024-08-14 10:32:24 DEBUG (RecoverySnapshotMgrPlugin) Recovery snapshot timer set to 5 minute(s)  
2024-08-14 10:32:24 INFO  (GhidraRun) Ghidra startup complete (3550 ms)  
2024-08-14 10:32:43 INFO  (DefaultProject) Creating project: /home/m1nus/test  
2024-08-14 10:40:02 INFO  (FileCacheMaintenanceDaemon) Starting cache cleanup: /var/tmp/m1nus-ghidra/fscache2  
2024-08-14 10:40:02 INFO  (FileCacheMaintenanceDaemon) Finished cache cleanup, estimated storage used: 0  
2024-08-14 10:40:05 DEBUG (ElfHeader) Elf symbol table section .dynsym linked to string table section .dynstr  
2024-08-14 10:40:05 DEBUG (ElfHeader) Elf symbol table section .symtab linked to string table section .strtab  
2024-08-14 10:40:05 DEBUG (ElfHeader) Elf relocation table section .rela.dyn linked to symbol table section .dynsym affecting PT_LOAD  
2024-08-14 10:40:05 DEBUG (ElfHeader) Elf relocation table section .rela.plt linked to symbol table section .dynsym affecting .got  
2024-08-14 10:40:11 DEBUG (ElfHeader) Elf symbol table section .dynsym linked to string table section .dynstr  
2024-08-14 10:40:11 DEBUG (ElfHeader) Elf symbol table section .symtab linked to string table section .strtab  
2024-08-14 10:40:11 DEBUG (ElfHeader) Elf relocation table section .rela.dyn linked to symbol table section .dynsym affecting PT_LOAD  
2024-08-14 10:40:11 DEBUG (ElfHeader) Elf relocation table section .rela.plt linked to symbol table section .dynsym affecting .got  
2024-08-14 10:40:11 DEBUG (ElfProgramBuilder) Discarding 4-byte alignment/filler segment_4.3 at 00102644  
2024-08-14 10:40:11 DEBUG (ElfProgramBuilder) Discarding 5-byte alignment/filler segment_3.2 at 0010101b  
2024-08-14 10:40:11 DEBUG (ElfProgramBuilder) Discarding 4-byte alignment/filler segment_2.3 at 00100334  
2024-08-14 10:40:11 DEBUG (ElfProgramBuilder) Discarding 4-byte alignment/filler segment_2.7 at 001003ac  
2024-08-14 10:40:22 DEBUG (ToolTaskManager) Background processing started...  
2024-08-14 10:40:22 DEBUG (ToolTaskManager) Task Start: Auto Analysis  
2024-08-14 10:40:23 INFO  (ExternalDebugFileSectionProvider) DWARF external debug information found: ExternalDebugInfo [filename=null, crc=0, hash=e7e1ccd9e8817a0184ad4cfd39ed300a5d8f7d94]  
2024-08-14 10:40:23 INFO  (DWARFAnalyzer) Unable to find DWARF information, skipping DWARF analysis  
2024-08-14 10:40:23 INFO  (ImporterUtilities) Additional info:
Loading file:///home/m1nus/LevelsByMacaroni841?MD5=fb2c561b725827a40f0e03375c60329c...
ELF Relocation Failure: R_X86_64_COPY (5, 0x5) at 00104010 (Symbol = stdin) - Runtime copy not supported (8-bytes)
Setting block .init_array to read-only
Setting block .fini_array to read-only
Setting block .dynamic to read-only
Failed to markup ELF Note at 00100338: data conflict
Failed to markup ELF Note at 00100368: data conflict
Failed to markup ELF Note at 0010038c: data conflict
------------------------------------------------

Linking the External Programs of 'LevelsByMacaroni841' to imported libraries...
  [libc.so.6] -> not found in project
------------------------------------------------

Resolving External Symbols of [/LevelsByMacaroni841] - 7 unresolved symbols, no external libraries configured - skipping
  
2024-08-14 10:40:24 INFO  (PackedDatabaseCache) Packed database cache: /var/tmp/m1nus-ghidra/packed-db-cache  
2024-08-14 10:40:24 DEBUG (PackedDatabaseCache) Caching packed database: /home/m1nus/ghidra_11.1.2_PUBLIC/Ghidra/Features/Base/data/typeinfo/generic/generic_clib_64.gdt  
2024-08-14 10:40:24 DEBUG (PackedDatabase) Unpacking database /home/m1nus/ghidra_11.1.2_PUBLIC/Ghidra/Features/Base/data/typeinfo/generic/generic_clib_64.gdt -> /var/tmp/m1nus-ghidra/packed-db-cache/pdb4A9F2F17/db.1.gbf  
2024-08-14 10:40:24 DEBUG (PackedDatabaseCache) Cache update completed: /home/m1nus/ghidra_11.1.2_PUBLIC/Ghidra/Features/Base/data/typeinfo/generic/generic_clib_64.gdt  
2024-08-14 10:40:25 INFO  (ApplyDataArchiveAnalyzer) Applied data type archive: generic_clib_64  
2024-08-14 10:40:25 INFO  (ExternalSymbolResolverAnalyzer) Resolving External Symbols of [/LevelsByMacaroni841] - 10 unresolved symbols, no external libraries configured - skipping  
2024-08-14 10:40:25 INFO  (AutoAnalysisManager) -----------------------------------------------------
    ASCII Strings                              0.255 secs
    Apply Data Archives                        0.404 secs
    Call Convention ID                         0.345 secs
    Call-Fixup Installer                       0.002 secs
    Create Address Tables                      0.004 secs
    Create Function                            0.006 secs
    DWARF                                      0.025 secs
    Data Reference                             0.004 secs
    Decompiler Switch Analysis                 1.173 secs
    Demangler GNU                              0.020 secs
    Disassemble Entry Points                   0.161 secs
    ELF Scalar Operand References              0.012 secs
    Embedded Media                             0.011 secs
    External Entry References                  0.000 secs
    External Symbol Resolver                   0.001 secs
    Function ID                                0.049 secs
    Function Start Search                      0.052 secs
    Function Start Search After Code           0.001 secs
    Function Start Search After Data           0.001 secs
    GCC Exception Handlers                     0.094 secs
    Non-Returning Functions - Discovered       0.003 secs
    Non-Returning Functions - Known            0.004 secs
    Reference                                  0.020 secs
    Shared Return Calls                        0.012 secs
    Stack                                      0.088 secs
    Subroutine References                      0.009 secs
    Subroutine References - One Time           0.001 secs
    x86 Constant Reference Analyzer            0.131 secs
-----------------------------------------------------
     Total Time   2 secs
-----------------------------------------------------
  
2024-08-14 10:40:26 DEBUG (ToolTaskManager) Start: Auto Analysis  
2024-08-14 10:40:26 DEBUG (ToolTaskManager) Completed: Auto Analysis (0.0 secs)  
2024-08-14 10:40:26 DEBUG (ToolTaskManager) Task Completed: Auto Analysis (3.055 secs)  
2024-08-14 10:40:26 DEBUG (ToolTaskManager) Background processing complete (3.055 secs)  
2024-08-14 10:42:43 INFO  (RecoveryMgr) Wed Aug 14 10:42:43 IST 2024 Recovery snapshot created: /home/m1nus/test.rep/idata/00/~00000000.db/snapshotA.grf  
2024-08-14 10:47:43 INFO  (RecoveryMgr) Wed Aug 14 10:47:43 IST 2024 Recovery snapshot created: /home/m1nus/test.rep/idata/00/~00000000.db/snapshotB.grf  
2024-08-14 10:52:43 INFO  (RecoveryMgr) Wed Aug 14 10:52:43 IST 2024 Recovery snapshot created: /home/m1nus/test.rep/idata/00/~00000000.db/snapshotA.grf  
2024-08-14 10:56:07 INFO  (LoggingInitialization) Using log config file: jar:file:/home/m1nus/ghidra_11.1.2_PUBLIC/Ghidra/Framework/Generic/lib/Generic.jar!/generic.log4j.xml  
2024-08-14 10:56:07 INFO  (LoggingInitialization) Using log file: /home/m1nus/.config/ghidra/ghidra_11.1.2_PUBLIC/application.log  
2024-08-14 10:56:07 INFO  (Preferences) Loading user preferences: /home/m1nus/.config/ghidra/ghidra_11.1.2_PUBLIC/preferences  
2024-08-14 10:56:07 INFO  (ClassSearcher) Searching for classes...  
2024-08-14 10:56:08 INFO  (ClassSearcher) Ignoring class 'generic.jar.GClassLoader' from '/home/m1nus/ghidra_11.1.2_PUBLIC/Ghidra/Framework/Utility/lib/Utility.jar'. Already found at '/home/m1nus/ghidra_11.1.2_PUBLIC/Ghidra/Framework/Utility/lib/Utility.jar'.  
2024-08-14 10:56:08 INFO  (ClassSearcher) Ignoring class 'ghidra.GhidraClassLoader' from '/home/m1nus/ghidra_11.1.2_PUBLIC/Ghidra/Framework/Utility/lib/Utility.jar'. Already found at '/home/m1nus/ghidra_11.1.2_PUBLIC/Ghidra/Framework/Utility/lib/Utility.jar'.  
2024-08-14 10:56:08 INFO  (ClassSearcher) Class search complete (1049 ms)  
2024-08-14 10:56:09 INFO  (SSLContextInitializer) Initializing SSL Context  
2024-08-14 10:56:09 INFO  (SecureRandomFactory) Initializing Random Number Generator...  
2024-08-14 10:56:09 INFO  (SecureRandomFactory) Random Number Generator initialization complete: NativePRNGNonBlocking  
2024-08-14 10:56:09 INFO  (ApplicationTrustManagerFactory) Trust manager disabled, cacerts have not been set  
2024-08-14 10:56:09 INFO  (GhidraRun) User m1nus started Ghidra.  
2024-08-14 10:56:09 INFO  (GhidraRun) User settings directory: /home/m1nus/.config/ghidra/ghidra_11.1.2_PUBLIC  
2024-08-14 10:56:09 INFO  (GhidraRun) User temp directory: /tmp/m1nus-ghidra  
2024-08-14 10:56:09 INFO  (GhidraRun) User cache directory: /var/tmp/m1nus-ghidra  
2024-08-14 10:56:11 DEBUG (RecoverySnapshotMgrPlugin) Recovery snapshot timer set to 5 minute(s)  
2024-08-14 10:56:11 INFO  (DefaultProject) Opening project: /home/m1nus/test  
2024-08-14 10:56:11 INFO  (IndexJournal) restoring data storage index...  
2024-08-14 10:56:11 INFO  (GhidraRun) Ghidra startup complete (5386 ms)  
2024-08-14 10:56:38 INFO  (ThemeUtils) Saving theme to /home/m1nus/.config/ghidra/ghidra_11.1.2_PUBLIC/themes/ghidra-dark-0.1.0.theme  
2024-08-14 10:56:49 INFO  (PackedDatabaseCache) Packed database cache: /var/tmp/m1nus-ghidra/packed-db-cache  
2024-08-14 10:56:49 DEBUG (PackedDatabaseCache) Using cached packed database: /home/m1nus/ghidra_11.1.2_PUBLIC/Ghidra/Features/Base/data/typeinfo/generic/generic_clib_64.gdt  
